
2018-05-17 15:02:40:---[case_list]---:<QuerySet [<CaseInfo: CaseInfo object (1)>, <CaseInfo: CaseInfo object (2)>, <CaseInfo: CaseInfo object (3)>, <CaseInfo: CaseInfo object (4)>, <CaseInfo: CaseInfo object (6)>, <CaseInfo: CaseInfo object (7)>, <CaseInfo: CaseInfo object (8)>, <CaseInfo: CaseInfo object (9)>, <CaseInfo: CaseInfo object (10)>, <CaseInfo: CaseInfo object (11)>]>
2018-05-17 15:10:14:---[case_list]---:[<CaseInfo: CaseInfo object (1)>, <CaseInfo: CaseInfo object (2)>, <CaseInfo: CaseInfo object (3)>, <CaseInfo: CaseInfo object (4)>, <CaseInfo: CaseInfo object (6)>, <CaseInfo: CaseInfo object (7)>, <CaseInfo: CaseInfo object (8)>, <CaseInfo: CaseInfo object (9)>, <CaseInfo: CaseInfo object (10)>, <CaseInfo: CaseInfo object (11)>]
2018-05-17 15:12:39:---[case_list]---:[<CaseInfo: CaseInfo object (1)>, <CaseInfo: CaseInfo object (2)>, <CaseInfo: CaseInfo object (3)>, <CaseInfo: CaseInfo object (4)>, <CaseInfo: CaseInfo object (6)>, <CaseInfo: CaseInfo object (7)>, <CaseInfo: CaseInfo object (8)>, <CaseInfo: CaseInfo object (9)>, <CaseInfo: CaseInfo object (10)>, <CaseInfo: CaseInfo object (11)>]
2018-05-17 15:31:05:---[case_list]---:[{'id': 1, 'case_memo': '测试用例01', 'class_memo': '星星风暴', 'game_id': 1}, {'id': 2, 'case_memo': '测试用例02', 'class_memo': '星星风暴', 'game_id': 1}, {'id': 3, 'case_memo': '测试用例01', 'class_memo': '星星风暴', 'game_id': 1}, {'id': 4, 'case_memo': '测试用例02', 'class_memo': '星星风暴', 'game_id': 1}, {'id': 6, 'case_memo': '判断首屏中奖倍率', 'class_memo': '星星风暴', 'game_id': 1}, {'id': 7, 'case_memo': '首屏未中奖', 'class_memo': '星星风暴', 'game_id': 1}, {'id': 8, 'case_memo': '首屏判断是否所有中奖坐标补充了图案', 'class_memo': '星星风暴', 'game_id': 1}, {'id': 9, 'case_memo': '判断返奖总倍数', 'class_memo': '星星风暴', 'game_id': 1}, {'id': 10, 'case_memo': '判断消除层数', 'class_memo': '星星风暴', 'game_id': 1}, {'id': 11, 'case_memo': 'test', 'class_memo': '星星风暴', 'game_id': 1}]
2018-05-17 15:36:27:---[case_list]---:[{'id': 1, 'case_memo': '测试用例01', 'class_memo': '星星风暴', 'game_id': 1}, {'id': 2, 'case_memo': '测试用例02', 'class_memo': '星星风暴', 'game_id': 1}, {'id': 3, 'case_memo': '测试用例01', 'class_memo': '星星风暴', 'game_id': 1}, {'id': 4, 'case_memo': '测试用例02', 'class_memo': '星星风暴', 'game_id': 1}, {'id': 6, 'case_memo': '判断首屏中奖倍率', 'class_memo': '星星风暴', 'game_id': 1}, {'id': 7, 'case_memo': '首屏未中奖', 'class_memo': '星星风暴', 'game_id': 1}, {'id': 8, 'case_memo': '首屏判断是否所有中奖坐标补充了图案', 'class_memo': '星星风暴', 'game_id': 1}, {'id': 9, 'case_memo': '判断返奖总倍数', 'class_memo': '星星风暴', 'game_id': 1}, {'id': 10, 'case_memo': '判断消除层数', 'class_memo': '星星风暴', 'game_id': 1}, {'id': 11, 'case_memo': 'test', 'class_memo': '星星风暴', 'game_id': 1}]
2018-05-17 15:59:51:---[case_list]---:[{'id': 1, 'case_memo': '测试用例01', 'class_memo': '星星风暴', 'game_id': 1}, {'id': 2, 'case_memo': '测试用例02', 'class_memo': '星星风暴', 'game_id': 1}, {'id': 3, 'case_memo': '测试用例01', 'class_memo': '星星风暴', 'game_id': 1}, {'id': 4, 'case_memo': '测试用例02', 'class_memo': '星星风暴', 'game_id': 1}, {'id': 6, 'case_memo': '判断首屏中奖倍率', 'class_memo': '星星风暴', 'game_id': 1}, {'id': 7, 'case_memo': '首屏未中奖', 'class_memo': '星星风暴', 'game_id': 1}, {'id': 8, 'case_memo': '首屏判断是否所有中奖坐标补充了图案', 'class_memo': '星星风暴', 'game_id': 1}, {'id': 9, 'case_memo': '判断返奖总倍数', 'class_memo': '星星风暴', 'game_id': 1}, {'id': 10, 'case_memo': '判断消除层数', 'class_memo': '星星风暴', 'game_id': 1}, {'id': 11, 'case_memo': 'test', 'class_memo': '星星风暴', 'game_id': 1}]
2018-05-17 16:03:37:---[case_list]---:{'id': 1, 'case_memo': '测试用例01', 'class_memo': '星星风暴', 'game_id': 1}
2018-05-17 16:17:47:---[i]---:id
2018-05-17 16:17:47:---[i]---:case_memo
2018-05-17 16:17:47:---[i]---:class_memo
2018-05-17 16:17:47:---[i]---:game_id
2018-05-17 16:17:47:---[case_list]---:{'id': 1, 'case_memo': '测试用例01', 'class_memo': '星星风暴', 'game_id': 1}
2018-05-17 16:18:21:---[i]---:{'id': 1, 'case_memo': '测试用例01', 'class_memo': '星星风暴', 'game_id': 1}
2018-05-17 16:18:21:---[i]---:{'id': 2, 'case_memo': '测试用例02', 'class_memo': '星星风暴', 'game_id': 1}
2018-05-17 16:18:22:---[i]---:{'id': 3, 'case_memo': '测试用例01', 'class_memo': '星星风暴', 'game_id': 1}
2018-05-17 16:18:22:---[i]---:{'id': 4, 'case_memo': '测试用例02', 'class_memo': '星星风暴', 'game_id': 1}
2018-05-17 16:18:22:---[i]---:{'id': 6, 'case_memo': '判断首屏中奖倍率', 'class_memo': '星星风暴', 'game_id': 1}
2018-05-17 16:18:22:---[i]---:{'id': 7, 'case_memo': '首屏未中奖', 'class_memo': '星星风暴', 'game_id': 1}
2018-05-17 16:18:22:---[i]---:{'id': 8, 'case_memo': '首屏判断是否所有中奖坐标补充了图案', 'class_memo': '星星风暴', 'game_id': 1}
2018-05-17 16:18:22:---[i]---:{'id': 9, 'case_memo': '判断返奖总倍数', 'class_memo': '星星风暴', 'game_id': 1}
2018-05-17 16:18:22:---[i]---:{'id': 10, 'case_memo': '判断消除层数', 'class_memo': '星星风暴', 'game_id': 1}
2018-05-17 16:18:22:---[i]---:{'id': 11, 'case_memo': 'test', 'class_memo': '星星风暴', 'game_id': 1}
2018-05-17 16:18:22:---[case_list]---:[{'id': 1, 'case_memo': '测试用例01', 'class_memo': '星星风暴', 'game_id': 1}, {'id': 2, 'case_memo': '测试用例02', 'class_memo': '星星风暴', 'game_id': 1}, {'id': 3, 'case_memo': '测试用例01', 'class_memo': '星星风暴', 'game_id': 1}, {'id': 4, 'case_memo': '测试用例02', 'class_memo': '星星风暴', 'game_id': 1}, {'id': 6, 'case_memo': '判断首屏中奖倍率', 'class_memo': '星星风暴', 'game_id': 1}, {'id': 7, 'case_memo': '首屏未中奖', 'class_memo': '星星风暴', 'game_id': 1}, {'id': 8, 'case_memo': '首屏判断是否所有中奖坐标补充了图案', 'class_memo': '星星风暴', 'game_id': 1}, {'id': 9, 'case_memo': '判断返奖总倍数', 'class_memo': '星星风暴', 'game_id': 1}, {'id': 10, 'case_memo': '判断消除层数', 'class_memo': '星星风暴', 'game_id': 1}, {'id': 11, 'case_memo': 'test', 'class_memo': '星星风暴', 'game_id': 1}]
2018-05-17 16:18:47:---[gameid]---:1
2018-05-17 16:18:47:---[gameid]---:1
2018-05-17 16:18:47:---[gameid]---:1
2018-05-17 16:18:47:---[gameid]---:1
2018-05-17 16:18:47:---[gameid]---:1
2018-05-17 16:18:47:---[gameid]---:1
2018-05-17 16:18:47:---[gameid]---:1
2018-05-17 16:18:47:---[gameid]---:1
2018-05-17 16:18:47:---[gameid]---:1
2018-05-17 16:18:47:---[gameid]---:1
2018-05-17 16:18:47:---[case_list]---:[{'id': 1, 'case_memo': '测试用例01', 'class_memo': '星星风暴', 'game_id': 1}, {'id': 2, 'case_memo': '测试用例02', 'class_memo': '星星风暴', 'game_id': 1}, {'id': 3, 'case_memo': '测试用例01', 'class_memo': '星星风暴', 'game_id': 1}, {'id': 4, 'case_memo': '测试用例02', 'class_memo': '星星风暴', 'game_id': 1}, {'id': 6, 'case_memo': '判断首屏中奖倍率', 'class_memo': '星星风暴', 'game_id': 1}, {'id': 7, 'case_memo': '首屏未中奖', 'class_memo': '星星风暴', 'game_id': 1}, {'id': 8, 'case_memo': '首屏判断是否所有中奖坐标补充了图案', 'class_memo': '星星风暴', 'game_id': 1}, {'id': 9, 'case_memo': '判断返奖总倍数', 'class_memo': '星星风暴', 'game_id': 1}, {'id': 10, 'case_memo': '判断消除层数', 'class_memo': '星星风暴', 'game_id': 1}, {'id': 11, 'case_memo': 'test', 'class_memo': '星星风暴', 'game_id': 1}]
2018-05-17 16:24:54:---[gameid]---:<QuerySet [{'memo': '星星风暴'}]>
2018-05-17 16:24:54:---[gameid]---:<QuerySet [{'memo': '星星风暴'}]>
2018-05-17 16:24:54:---[gameid]---:<QuerySet [{'memo': '星星风暴'}]>
2018-05-17 16:24:54:---[gameid]---:<QuerySet [{'memo': '星星风暴'}]>
2018-05-17 16:24:54:---[gameid]---:<QuerySet [{'memo': '星星风暴'}]>
2018-05-17 16:24:54:---[gameid]---:<QuerySet [{'memo': '星星风暴'}]>
2018-05-17 16:24:54:---[gameid]---:<QuerySet [{'memo': '星星风暴'}]>
2018-05-17 16:24:54:---[gameid]---:<QuerySet [{'memo': '星星风暴'}]>
2018-05-17 16:24:54:---[gameid]---:<QuerySet [{'memo': '星星风暴'}]>
2018-05-17 16:24:54:---[gameid]---:<QuerySet [{'memo': '星星风暴'}]>
2018-05-17 16:25:36:---[gameid]---:星星风暴
2018-05-17 16:25:36:---[gameid]---:星星风暴
2018-05-17 16:25:36:---[gameid]---:星星风暴
2018-05-17 16:25:36:---[gameid]---:星星风暴
2018-05-17 16:25:36:---[gameid]---:星星风暴
2018-05-17 16:25:36:---[gameid]---:星星风暴
2018-05-17 16:25:36:---[gameid]---:星星风暴
2018-05-17 16:25:36:---[gameid]---:星星风暴
2018-05-17 16:25:36:---[gameid]---:星星风暴
2018-05-17 16:25:36:---[gameid]---:星星风暴
2018-05-17 16:27:28:---[gameid]---:星星风暴
2018-05-17 16:27:28:---[gameid]---:星星风暴
2018-05-17 16:27:28:---[gameid]---:星星风暴
2018-05-17 16:27:28:---[gameid]---:星星风暴
2018-05-17 16:27:28:---[gameid]---:星星风暴
2018-05-17 16:27:28:---[gameid]---:星星风暴
2018-05-17 16:27:28:---[gameid]---:星星风暴
2018-05-17 16:27:28:---[gameid]---:星星风暴
2018-05-17 16:27:28:---[gameid]---:星星风暴
2018-05-17 16:27:28:---[gameid]---:星星风暴
2018-05-17 16:27:28:---[case_list]---:[{'id': 1, 'case_memo': '测试用例01', 'class_memo': '星星风暴', 'game_id': '星星风暴'}, {'id': 2, 'case_memo': '测试用例02', 'class_memo': '星星风暴', 'game_id': '星星风暴'}, {'id': 3, 'case_memo': '测试用例01', 'class_memo': '星星风暴', 'game_id': '星星风暴'}, {'id': 4, 'case_memo': '测试用例02', 'class_memo': '星星风暴', 'game_id': '星星风暴'}, {'id': 6, 'case_memo': '判断首屏中奖倍率', 'class_memo': '星星风暴', 'game_id': '星星风暴'}, {'id': 7, 'case_memo': '首屏未中奖', 'class_memo': '星星风暴', 'game_id': '星星风暴'}, {'id': 8, 'case_memo': '首屏判断是否所有中奖坐标补充了图案', 'class_memo': '星星风暴', 'game_id': '星星风暴'}, {'id': 9, 'case_memo': '判断返奖总倍数', 'class_memo': '星星风暴', 'game_id': '星星风暴'}, {'id': 10, 'case_memo': '判断消除层数', 'class_memo': '星星风暴', 'game_id': '星星风暴'}, {'id': 11, 'case_memo': 'test', 'class_memo': '星星风暴', 'game_id': '星星风暴'}]
2018-05-17 16:27:32:---[gameid]---:星星风暴
2018-05-17 16:27:32:---[gameid]---:星星风暴
2018-05-17 16:27:32:---[gameid]---:星星风暴
2018-05-17 16:27:32:---[gameid]---:星星风暴
2018-05-17 16:27:32:---[gameid]---:星星风暴
2018-05-17 16:27:32:---[gameid]---:星星风暴
2018-05-17 16:27:32:---[gameid]---:星星风暴
2018-05-17 16:27:32:---[gameid]---:星星风暴
2018-05-17 16:27:32:---[gameid]---:星星风暴
2018-05-17 16:27:32:---[gameid]---:星星风暴
2018-05-17 16:27:33:---[case_list]---:[{'id': 1, 'case_memo': '测试用例01', 'class_memo': '星星风暴', 'game_id': '星星风暴'}, {'id': 2, 'case_memo': '测试用例02', 'class_memo': '星星风暴', 'game_id': '星星风暴'}, {'id': 3, 'case_memo': '测试用例01', 'class_memo': '星星风暴', 'game_id': '星星风暴'}, {'id': 4, 'case_memo': '测试用例02', 'class_memo': '星星风暴', 'game_id': '星星风暴'}, {'id': 6, 'case_memo': '判断首屏中奖倍率', 'class_memo': '星星风暴', 'game_id': '星星风暴'}, {'id': 7, 'case_memo': '首屏未中奖', 'class_memo': '星星风暴', 'game_id': '星星风暴'}, {'id': 8, 'case_memo': '首屏判断是否所有中奖坐标补充了图案', 'class_memo': '星星风暴', 'game_id': '星星风暴'}, {'id': 9, 'case_memo': '判断返奖总倍数', 'class_memo': '星星风暴', 'game_id': '星星风暴'}, {'id': 10, 'case_memo': '判断消除层数', 'class_memo': '星星风暴', 'game_id': '星星风暴'}, {'id': 11, 'case_memo': 'test', 'class_memo': '星星风暴', 'game_id': '星星风暴'}]
2018-05-17 16:28:14:---[gameid]---:星星风暴
2018-05-17 16:28:14:---[gameid]---:星星风暴
2018-05-17 16:28:14:---[gameid]---:星星风暴
2018-05-17 16:28:14:---[gameid]---:星星风暴
2018-05-17 16:28:14:---[gameid]---:星星风暴
2018-05-17 16:28:14:---[gameid]---:星星风暴
2018-05-17 16:28:14:---[gameid]---:星星风暴
2018-05-17 16:28:14:---[gameid]---:星星风暴
2018-05-17 16:28:14:---[gameid]---:星星风暴
2018-05-17 16:28:14:---[gameid]---:星星风暴
2018-05-17 16:28:14:---[case_list]---:[{'id': 1, 'case_memo': '测试用例01', 'class_memo': '星星风暴', 'game_id': '星星风暴'}, {'id': 2, 'case_memo': '测试用例02', 'class_memo': '星星风暴', 'game_id': '星星风暴'}, {'id': 3, 'case_memo': '测试用例01', 'class_memo': '星星风暴', 'game_id': '星星风暴'}, {'id': 4, 'case_memo': '测试用例02', 'class_memo': '星星风暴', 'game_id': '星星风暴'}, {'id': 6, 'case_memo': '判断首屏中奖倍率', 'class_memo': '星星风暴', 'game_id': '星星风暴'}, {'id': 7, 'case_memo': '首屏未中奖', 'class_memo': '星星风暴', 'game_id': '星星风暴'}, {'id': 8, 'case_memo': '首屏判断是否所有中奖坐标补充了图案', 'class_memo': '星星风暴', 'game_id': '星星风暴'}, {'id': 9, 'case_memo': '判断返奖总倍数', 'class_memo': '星星风暴', 'game_id': '星星风暴'}, {'id': 10, 'case_memo': '判断消除层数', 'class_memo': '星星风暴', 'game_id': '星星风暴'}, {'id': 11, 'case_memo': 'test', 'class_memo': '星星风暴', 'game_id': '星星风暴'}]
2018-05-17 16:29:09:---[case_list]---:[{'id': 1, 'case_memo': '测试用例01', 'class_memo': '星星风暴', 'game_id': '星星风暴'}, {'id': 2, 'case_memo': '测试用例02', 'class_memo': '星星风暴', 'game_id': '星星风暴'}, {'id': 3, 'case_memo': '测试用例01', 'class_memo': '星星风暴', 'game_id': '星星风暴'}, {'id': 4, 'case_memo': '测试用例02', 'class_memo': '星星风暴', 'game_id': '星星风暴'}, {'id': 6, 'case_memo': '判断首屏中奖倍率', 'class_memo': '星星风暴', 'game_id': '星星风暴'}, {'id': 7, 'case_memo': '首屏未中奖', 'class_memo': '星星风暴', 'game_id': '星星风暴'}, {'id': 8, 'case_memo': '首屏判断是否所有中奖坐标补充了图案', 'class_memo': '星星风暴', 'game_id': '星星风暴'}, {'id': 9, 'case_memo': '判断返奖总倍数', 'class_memo': '星星风暴', 'game_id': '星星风暴'}, {'id': 10, 'case_memo': '判断消除层数', 'class_memo': '星星风暴', 'game_id': '星星风暴'}, {'id': 11, 'case_memo': 'test', 'class_memo': '星星风暴', 'game_id': '星星风暴'}]
2018-05-17 16:29:59:---[case_list]---:[{'id': 1, 'case_memo': '测试用例01', 'class_memo': '星星风暴', 'game_id': '星星风暴'}, {'id': 2, 'case_memo': '测试用例02', 'class_memo': '星星风暴', 'game_id': '星星风暴'}, {'id': 3, 'case_memo': '测试用例01', 'class_memo': '星星风暴', 'game_id': '星星风暴'}, {'id': 4, 'case_memo': '测试用例02', 'class_memo': '星星风暴', 'game_id': '星星风暴'}, {'id': 6, 'case_memo': '判断首屏中奖倍率', 'class_memo': '星星风暴', 'game_id': '星星风暴'}, {'id': 7, 'case_memo': '首屏未中奖', 'class_memo': '星星风暴', 'game_id': '星星风暴'}, {'id': 8, 'case_memo': '首屏判断是否所有中奖坐标补充了图案', 'class_memo': '星星风暴', 'game_id': '星星风暴'}, {'id': 9, 'case_memo': '判断返奖总倍数', 'class_memo': '星星风暴', 'game_id': '星星风暴'}, {'id': 10, 'case_memo': '判断消除层数', 'class_memo': '星星风暴', 'game_id': '星星风暴'}, {'id': 11, 'case_memo': 'test', 'class_memo': '星星风暴', 'game_id': '星星风暴'}]
2018-05-17 16:50:55:---[case_list]---:[{'id': 1, 'case_memo': '测试用例01', 'class_memo': '星星风暴', 'game_id': '星星风暴'}, {'id': 2, 'case_memo': '测试用例02', 'class_memo': '星星风暴', 'game_id': '星星风暴'}, {'id': 3, 'case_memo': '测试用例01', 'class_memo': '星星风暴', 'game_id': '星星风暴'}, {'id': 4, 'case_memo': '测试用例02', 'class_memo': '星星风暴', 'game_id': '星星风暴'}, {'id': 6, 'case_memo': '判断首屏中奖倍率', 'class_memo': '星星风暴', 'game_id': '星星风暴'}, {'id': 7, 'case_memo': '首屏未中奖', 'class_memo': '星星风暴', 'game_id': '星星风暴'}, {'id': 8, 'case_memo': '首屏判断是否所有中奖坐标补充了图案', 'class_memo': '星星风暴', 'game_id': '星星风暴'}, {'id': 9, 'case_memo': '判断返奖总倍数', 'class_memo': '星星风暴', 'game_id': '星星风暴'}, {'id': 10, 'case_memo': '判断消除层数', 'class_memo': '星星风暴', 'game_id': '星星风暴'}, {'id': 11, 'case_memo': 'test', 'class_memo': '星星风暴', 'game_id': '星星风暴'}]
2018-05-17 17:08:28:---[case_list]---:[{'id': 1, 'case_memo': '测试用例01', 'class_memo': '星星风暴', 'game_id': '星星风暴'}, {'id': 2, 'case_memo': '测试用例02', 'class_memo': '星星风暴', 'game_id': '星星风暴'}, {'id': 3, 'case_memo': '测试用例01', 'class_memo': '星星风暴', 'game_id': '星星风暴'}, {'id': 4, 'case_memo': '测试用例02', 'class_memo': '星星风暴', 'game_id': '星星风暴'}, {'id': 6, 'case_memo': '判断首屏中奖倍率', 'class_memo': '星星风暴', 'game_id': '星星风暴'}, {'id': 7, 'case_memo': '首屏未中奖', 'class_memo': '星星风暴', 'game_id': '星星风暴'}, {'id': 8, 'case_memo': '首屏判断是否所有中奖坐标补充了图案', 'class_memo': '星星风暴', 'game_id': '星星风暴'}, {'id': 9, 'case_memo': '判断返奖总倍数', 'class_memo': '星星风暴', 'game_id': '星星风暴'}, {'id': 10, 'case_memo': '判断消除层数', 'class_memo': '星星风暴', 'game_id': '星星风暴'}, {'id': 11, 'case_memo': 'test', 'class_memo': '星星风暴', 'game_id': '星星风暴'}]
2018-05-17 17:11:24:---[case_list]---:[{'id': 1, 'case_memo': '测试用例01', 'class_memo': '星星风暴', 'game_id': '星星风暴'}, {'id': 2, 'case_memo': '测试用例02', 'class_memo': '星星风暴', 'game_id': '星星风暴'}, {'id': 3, 'case_memo': '测试用例01', 'class_memo': '星星风暴', 'game_id': '星星风暴'}, {'id': 4, 'case_memo': '测试用例02', 'class_memo': '星星风暴', 'game_id': '星星风暴'}, {'id': 6, 'case_memo': '判断首屏中奖倍率', 'class_memo': '星星风暴', 'game_id': '星星风暴'}, {'id': 7, 'case_memo': '首屏未中奖', 'class_memo': '星星风暴', 'game_id': '星星风暴'}, {'id': 8, 'case_memo': '首屏判断是否所有中奖坐标补充了图案', 'class_memo': '星星风暴', 'game_id': '星星风暴'}, {'id': 9, 'case_memo': '判断返奖总倍数', 'class_memo': '星星风暴', 'game_id': '星星风暴'}, {'id': 10, 'case_memo': '判断消除层数', 'class_memo': '星星风暴', 'game_id': '星星风暴'}, {'id': 11, 'case_memo': 'test', 'class_memo': '星星风暴', 'game_id': '星星风暴'}]
2018-05-17 17:24:44:---[case_list]---:[{'id': 1, 'case_memo': '测试用例01', 'class_memo': '星星风暴', 'game_id': '星星风暴'}, {'id': 2, 'case_memo': '测试用例02', 'class_memo': '星星风暴', 'game_id': '星星风暴'}, {'id': 3, 'case_memo': '测试用例01', 'class_memo': '星星风暴', 'game_id': '星星风暴'}, {'id': 4, 'case_memo': '测试用例02', 'class_memo': '星星风暴', 'game_id': '星星风暴'}, {'id': 6, 'case_memo': '判断首屏中奖倍率', 'class_memo': '星星风暴', 'game_id': '星星风暴'}, {'id': 7, 'case_memo': '首屏未中奖', 'class_memo': '星星风暴', 'game_id': '星星风暴'}, {'id': 8, 'case_memo': '首屏判断是否所有中奖坐标补充了图案', 'class_memo': '星星风暴', 'game_id': '星星风暴'}, {'id': 9, 'case_memo': '判断返奖总倍数', 'class_memo': '星星风暴', 'game_id': '星星风暴'}, {'id': 10, 'case_memo': '判断消除层数', 'class_memo': '星星风暴', 'game_id': '星星风暴'}, {'id': 11, 'case_memo': 'test', 'class_memo': '星星风暴', 'game_id': '星星风暴'}]
2018-05-17 17:25:36:---[case_list]---:[{'id': 1, 'case_memo': '测试用例01', 'class_memo': '星星风暴', 'game_id': '星星风暴'}, {'id': 2, 'case_memo': '测试用例02', 'class_memo': '星星风暴', 'game_id': '星星风暴'}, {'id': 3, 'case_memo': '测试用例01', 'class_memo': '星星风暴', 'game_id': '星星风暴'}, {'id': 4, 'case_memo': '测试用例02', 'class_memo': '星星风暴', 'game_id': '星星风暴'}, {'id': 6, 'case_memo': '判断首屏中奖倍率', 'class_memo': '星星风暴', 'game_id': '星星风暴'}, {'id': 7, 'case_memo': '首屏未中奖', 'class_memo': '星星风暴', 'game_id': '星星风暴'}, {'id': 8, 'case_memo': '首屏判断是否所有中奖坐标补充了图案', 'class_memo': '星星风暴', 'game_id': '星星风暴'}, {'id': 9, 'case_memo': '判断返奖总倍数', 'class_memo': '星星风暴', 'game_id': '星星风暴'}, {'id': 10, 'case_memo': '判断消除层数', 'class_memo': '星星风暴', 'game_id': '星星风暴'}, {'id': 11, 'case_memo': 'test', 'class_memo': '星星风暴', 'game_id': '星星风暴'}]
2018-05-17 17:31:45:---[case_list]---:[{'id': 1, 'case_memo': '测试用例01', 'class_memo': '星星风暴', 'game_id': '星星风暴'}, {'id': 2, 'case_memo': '测试用例02', 'class_memo': '星星风暴', 'game_id': '星星风暴'}, {'id': 3, 'case_memo': '测试用例01', 'class_memo': '星星风暴', 'game_id': '星星风暴'}, {'id': 4, 'case_memo': '测试用例02', 'class_memo': '星星风暴', 'game_id': '星星风暴'}, {'id': 6, 'case_memo': '判断首屏中奖倍率', 'class_memo': '星星风暴', 'game_id': '星星风暴'}, {'id': 7, 'case_memo': '首屏未中奖', 'class_memo': '星星风暴', 'game_id': '星星风暴'}, {'id': 8, 'case_memo': '首屏判断是否所有中奖坐标补充了图案', 'class_memo': '星星风暴', 'game_id': '星星风暴'}, {'id': 9, 'case_memo': '判断返奖总倍数', 'class_memo': '星星风暴', 'game_id': '星星风暴'}, {'id': 10, 'case_memo': '判断消除层数', 'class_memo': '星星风暴', 'game_id': '星星风暴'}, {'id': 11, 'case_memo': 'test', 'class_memo': '星星风暴', 'game_id': '星星风暴'}]
2018-05-17 17:42:24:---[case_list]---:[{'id': 1, 'case_memo': '测试用例01', 'class_memo': '星星风暴', 'game_id': '星星风暴'}, {'id': 2, 'case_memo': '测试用例02', 'class_memo': '星星风暴', 'game_id': '星星风暴'}, {'id': 3, 'case_memo': '测试用例01', 'class_memo': '星星风暴', 'game_id': '星星风暴'}, {'id': 4, 'case_memo': '测试用例02', 'class_memo': '星星风暴', 'game_id': '星星风暴'}, {'id': 6, 'case_memo': '判断首屏中奖倍率', 'class_memo': '星星风暴', 'game_id': '星星风暴'}, {'id': 7, 'case_memo': '首屏未中奖', 'class_memo': '星星风暴', 'game_id': '星星风暴'}, {'id': 8, 'case_memo': '首屏判断是否所有中奖坐标补充了图案', 'class_memo': '星星风暴', 'game_id': '星星风暴'}, {'id': 9, 'case_memo': '判断返奖总倍数', 'class_memo': '星星风暴', 'game_id': '星星风暴'}, {'id': 10, 'case_memo': '判断消除层数', 'class_memo': '星星风暴', 'game_id': '星星风暴'}, {'id': 11, 'case_memo': 'test', 'class_memo': '星星风暴', 'game_id': '星星风暴'}]
2018-05-17 17:43:11:---[case_list]---:[{'id': 1, 'case_memo': '测试用例01', 'class_memo': '星星风暴', 'game_id': '星星风暴'}, {'id': 2, 'case_memo': '测试用例02', 'class_memo': '星星风暴', 'game_id': '星星风暴'}, {'id': 3, 'case_memo': '测试用例01', 'class_memo': '星星风暴', 'game_id': '星星风暴'}, {'id': 4, 'case_memo': '测试用例02', 'class_memo': '星星风暴', 'game_id': '星星风暴'}, {'id': 6, 'case_memo': '判断首屏中奖倍率', 'class_memo': '星星风暴', 'game_id': '星星风暴'}, {'id': 7, 'case_memo': '首屏未中奖', 'class_memo': '星星风暴', 'game_id': '星星风暴'}, {'id': 8, 'case_memo': '首屏判断是否所有中奖坐标补充了图案', 'class_memo': '星星风暴', 'game_id': '星星风暴'}, {'id': 9, 'case_memo': '判断返奖总倍数', 'class_memo': '星星风暴', 'game_id': '星星风暴'}, {'id': 10, 'case_memo': '判断消除层数', 'class_memo': '星星风暴', 'game_id': '星星风暴'}, {'id': 11, 'case_memo': 'test', 'class_memo': '星星风暴', 'game_id': '星星风暴'}]
2018-05-17 17:45:31:---[case_list]---:[{'id': 1, 'case_memo': '测试用例01', 'class_memo': '星星风暴', 'game_id': '星星风暴'}, {'id': 2, 'case_memo': '测试用例02', 'class_memo': '星星风暴', 'game_id': '星星风暴'}, {'id': 3, 'case_memo': '测试用例01', 'class_memo': '星星风暴', 'game_id': '星星风暴'}, {'id': 4, 'case_memo': '测试用例02', 'class_memo': '星星风暴', 'game_id': '星星风暴'}, {'id': 6, 'case_memo': '判断首屏中奖倍率', 'class_memo': '星星风暴', 'game_id': '星星风暴'}, {'id': 7, 'case_memo': '首屏未中奖', 'class_memo': '星星风暴', 'game_id': '星星风暴'}, {'id': 8, 'case_memo': '首屏判断是否所有中奖坐标补充了图案', 'class_memo': '星星风暴', 'game_id': '星星风暴'}, {'id': 9, 'case_memo': '判断返奖总倍数', 'class_memo': '星星风暴', 'game_id': '星星风暴'}, {'id': 10, 'case_memo': '判断消除层数', 'class_memo': '星星风暴', 'game_id': '星星风暴'}, {'id': 11, 'case_memo': 'test', 'class_memo': '星星风暴', 'game_id': '星星风暴'}]
2018-05-17 17:47:18:---[case_list]---:[{'id': 1, 'case_memo': '测试用例01', 'class_memo': '星星风暴', 'game_id': '星星风暴'}, {'id': 2, 'case_memo': '测试用例02', 'class_memo': '星星风暴', 'game_id': '星星风暴'}, {'id': 3, 'case_memo': '测试用例01', 'class_memo': '星星风暴', 'game_id': '星星风暴'}, {'id': 4, 'case_memo': '测试用例02', 'class_memo': '星星风暴', 'game_id': '星星风暴'}, {'id': 6, 'case_memo': '判断首屏中奖倍率', 'class_memo': '星星风暴', 'game_id': '星星风暴'}, {'id': 7, 'case_memo': '首屏未中奖', 'class_memo': '星星风暴', 'game_id': '星星风暴'}, {'id': 8, 'case_memo': '首屏判断是否所有中奖坐标补充了图案', 'class_memo': '星星风暴', 'game_id': '星星风暴'}, {'id': 9, 'case_memo': '判断返奖总倍数', 'class_memo': '星星风暴', 'game_id': '星星风暴'}, {'id': 10, 'case_memo': '判断消除层数', 'class_memo': '星星风暴', 'game_id': '星星风暴'}, {'id': 11, 'case_memo': 'test', 'class_memo': '星星风暴', 'game_id': '星星风暴'}]
2018-05-17 17:48:48:---[case_list]---:[{'id': 1, 'case_memo': '测试用例01', 'class_memo': '星星风暴', 'game_id': '星星风暴'}, {'id': 2, 'case_memo': '测试用例02', 'class_memo': '星星风暴', 'game_id': '星星风暴'}, {'id': 3, 'case_memo': '测试用例01', 'class_memo': '星星风暴', 'game_id': '星星风暴'}, {'id': 4, 'case_memo': '测试用例02', 'class_memo': '星星风暴', 'game_id': '星星风暴'}, {'id': 6, 'case_memo': '判断首屏中奖倍率', 'class_memo': '星星风暴', 'game_id': '星星风暴'}, {'id': 7, 'case_memo': '首屏未中奖', 'class_memo': '星星风暴', 'game_id': '星星风暴'}, {'id': 8, 'case_memo': '首屏判断是否所有中奖坐标补充了图案', 'class_memo': '星星风暴', 'game_id': '星星风暴'}, {'id': 9, 'case_memo': '判断返奖总倍数', 'class_memo': '星星风暴', 'game_id': '星星风暴'}, {'id': 10, 'case_memo': '判断消除层数', 'class_memo': '星星风暴', 'game_id': '星星风暴'}, {'id': 11, 'case_memo': 'test', 'class_memo': '星星风暴', 'game_id': '星星风暴'}]
2018-05-17 17:52:22:---[case_list]---:[{'id': 1, 'case_memo': '测试用例01', 'class_memo': '星星风暴', 'game_id': '星星风暴'}, {'id': 2, 'case_memo': '测试用例02', 'class_memo': '星星风暴', 'game_id': '星星风暴'}, {'id': 3, 'case_memo': '测试用例01', 'class_memo': '星星风暴', 'game_id': '星星风暴'}, {'id': 4, 'case_memo': '测试用例02', 'class_memo': '星星风暴', 'game_id': '星星风暴'}, {'id': 6, 'case_memo': '判断首屏中奖倍率', 'class_memo': '星星风暴', 'game_id': '星星风暴'}, {'id': 7, 'case_memo': '首屏未中奖', 'class_memo': '星星风暴', 'game_id': '星星风暴'}, {'id': 8, 'case_memo': '首屏判断是否所有中奖坐标补充了图案', 'class_memo': '星星风暴', 'game_id': '星星风暴'}, {'id': 9, 'case_memo': '判断返奖总倍数', 'class_memo': '星星风暴', 'game_id': '星星风暴'}, {'id': 10, 'case_memo': '判断消除层数', 'class_memo': '星星风暴', 'game_id': '星星风暴'}, {'id': 11, 'case_memo': 'test', 'class_memo': '星星风暴', 'game_id': '星星风暴'}]
2018-05-17 17:52:31:---[case_list]---:[{'id': 1, 'case_memo': '测试用例01', 'class_memo': '星星风暴', 'game_id': '星星风暴'}, {'id': 2, 'case_memo': '测试用例02', 'class_memo': '星星风暴', 'game_id': '星星风暴'}, {'id': 3, 'case_memo': '测试用例01', 'class_memo': '星星风暴', 'game_id': '星星风暴'}, {'id': 4, 'case_memo': '测试用例02', 'class_memo': '星星风暴', 'game_id': '星星风暴'}, {'id': 6, 'case_memo': '判断首屏中奖倍率', 'class_memo': '星星风暴', 'game_id': '星星风暴'}, {'id': 7, 'case_memo': '首屏未中奖', 'class_memo': '星星风暴', 'game_id': '星星风暴'}, {'id': 8, 'case_memo': '首屏判断是否所有中奖坐标补充了图案', 'class_memo': '星星风暴', 'game_id': '星星风暴'}, {'id': 9, 'case_memo': '判断返奖总倍数', 'class_memo': '星星风暴', 'game_id': '星星风暴'}, {'id': 10, 'case_memo': '判断消除层数', 'class_memo': '星星风暴', 'game_id': '星星风暴'}, {'id': 11, 'case_memo': 'test', 'class_memo': '星星风暴', 'game_id': '星星风暴'}]
2018-05-17 17:52:49:---[case_list]---:[{'id': 1, 'case_memo': '测试用例01', 'class_memo': '星星风暴', 'game_id': '星星风暴'}, {'id': 2, 'case_memo': '测试用例02', 'class_memo': '星星风暴', 'game_id': '星星风暴'}, {'id': 3, 'case_memo': '测试用例01', 'class_memo': '星星风暴', 'game_id': '星星风暴'}, {'id': 4, 'case_memo': '测试用例02', 'class_memo': '星星风暴', 'game_id': '星星风暴'}, {'id': 6, 'case_memo': '判断首屏中奖倍率', 'class_memo': '星星风暴', 'game_id': '星星风暴'}, {'id': 7, 'case_memo': '首屏未中奖', 'class_memo': '星星风暴', 'game_id': '星星风暴'}, {'id': 8, 'case_memo': '首屏判断是否所有中奖坐标补充了图案', 'class_memo': '星星风暴', 'game_id': '星星风暴'}, {'id': 9, 'case_memo': '判断返奖总倍数', 'class_memo': '星星风暴', 'game_id': '星星风暴'}, {'id': 10, 'case_memo': '判断消除层数', 'class_memo': '星星风暴', 'game_id': '星星风暴'}, {'id': 11, 'case_memo': 'test', 'class_memo': '星星风暴', 'game_id': '星星风暴'}]
2018-05-17 17:58:13:---[case_list]---:[{'id': 1, 'case_memo': '测试用例01', 'class_memo': '星星风暴', 'game_id': '星星风暴'}, {'id': 2, 'case_memo': '测试用例02', 'class_memo': '星星风暴', 'game_id': '星星风暴'}, {'id': 3, 'case_memo': '测试用例01', 'class_memo': '星星风暴', 'game_id': '星星风暴'}, {'id': 4, 'case_memo': '测试用例02', 'class_memo': '星星风暴', 'game_id': '星星风暴'}, {'id': 6, 'case_memo': '判断首屏中奖倍率', 'class_memo': '星星风暴', 'game_id': '星星风暴'}, {'id': 7, 'case_memo': '首屏未中奖', 'class_memo': '星星风暴', 'game_id': '星星风暴'}, {'id': 8, 'case_memo': '首屏判断是否所有中奖坐标补充了图案', 'class_memo': '星星风暴', 'game_id': '星星风暴'}, {'id': 9, 'case_memo': '判断返奖总倍数', 'class_memo': '星星风暴', 'game_id': '星星风暴'}, {'id': 10, 'case_memo': '判断消除层数', 'class_memo': '星星风暴', 'game_id': '星星风暴'}, {'id': 11, 'case_memo': 'test', 'class_memo': '星星风暴', 'game_id': '星星风暴'}]
2018-05-17 17:58:41:---[case_list]---:[{'id': 1, 'case_memo': '测试用例01', 'class_memo': '星星风暴', 'game_id': '星星风暴'}, {'id': 2, 'case_memo': '测试用例02', 'class_memo': '星星风暴', 'game_id': '星星风暴'}, {'id': 3, 'case_memo': '测试用例01', 'class_memo': '星星风暴', 'game_id': '星星风暴'}, {'id': 4, 'case_memo': '测试用例02', 'class_memo': '星星风暴', 'game_id': '星星风暴'}, {'id': 6, 'case_memo': '判断首屏中奖倍率', 'class_memo': '星星风暴', 'game_id': '星星风暴'}, {'id': 7, 'case_memo': '首屏未中奖', 'class_memo': '星星风暴', 'game_id': '星星风暴'}, {'id': 8, 'case_memo': '首屏判断是否所有中奖坐标补充了图案', 'class_memo': '星星风暴', 'game_id': '星星风暴'}, {'id': 9, 'case_memo': '判断返奖总倍数', 'class_memo': '星星风暴', 'game_id': '星星风暴'}, {'id': 10, 'case_memo': '判断消除层数', 'class_memo': '星星风暴', 'game_id': '星星风暴'}, {'id': 11, 'case_memo': 'test', 'class_memo': '星星风暴', 'game_id': '星星风暴'}]
2018-05-17 17:59:20:---[case_list]---:[{'id': 1, 'case_memo': '测试用例01', 'class_memo': '星星风暴', 'game_id': '星星风暴'}, {'id': 2, 'case_memo': '测试用例02', 'class_memo': '星星风暴', 'game_id': '星星风暴'}, {'id': 3, 'case_memo': '测试用例01', 'class_memo': '星星风暴', 'game_id': '星星风暴'}, {'id': 4, 'case_memo': '测试用例02', 'class_memo': '星星风暴', 'game_id': '星星风暴'}, {'id': 6, 'case_memo': '判断首屏中奖倍率', 'class_memo': '星星风暴', 'game_id': '星星风暴'}, {'id': 7, 'case_memo': '首屏未中奖', 'class_memo': '星星风暴', 'game_id': '星星风暴'}, {'id': 8, 'case_memo': '首屏判断是否所有中奖坐标补充了图案', 'class_memo': '星星风暴', 'game_id': '星星风暴'}, {'id': 9, 'case_memo': '判断返奖总倍数', 'class_memo': '星星风暴', 'game_id': '星星风暴'}, {'id': 10, 'case_memo': '判断消除层数', 'class_memo': '星星风暴', 'game_id': '星星风暴'}, {'id': 11, 'case_memo': 'test', 'class_memo': '星星风暴', 'game_id': '星星风暴'}]
2018-05-17 17:59:50:---[case_list]---:[{'id': 1, 'case_memo': '测试用例01', 'class_memo': '星星风暴', 'game_id': '星星风暴'}, {'id': 2, 'case_memo': '测试用例02', 'class_memo': '星星风暴', 'game_id': '星星风暴'}, {'id': 3, 'case_memo': '测试用例01', 'class_memo': '星星风暴', 'game_id': '星星风暴'}, {'id': 4, 'case_memo': '测试用例02', 'class_memo': '星星风暴', 'game_id': '星星风暴'}, {'id': 6, 'case_memo': '判断首屏中奖倍率', 'class_memo': '星星风暴', 'game_id': '星星风暴'}, {'id': 7, 'case_memo': '首屏未中奖', 'class_memo': '星星风暴', 'game_id': '星星风暴'}, {'id': 8, 'case_memo': '首屏判断是否所有中奖坐标补充了图案', 'class_memo': '星星风暴', 'game_id': '星星风暴'}, {'id': 9, 'case_memo': '判断返奖总倍数', 'class_memo': '星星风暴', 'game_id': '星星风暴'}, {'id': 10, 'case_memo': '判断消除层数', 'class_memo': '星星风暴', 'game_id': '星星风暴'}, {'id': 11, 'case_memo': 'test', 'class_memo': '星星风暴', 'game_id': '星星风暴'}]
2018-05-17 18:00:24:---[data]---:<QueryDict: {}>
2018-05-17 18:01:59:---[case_list]---:[{'id': 1, 'case_memo': '测试用例01', 'class_memo': '星星风暴', 'game_id': '星星风暴'}, {'id': 2, 'case_memo': '测试用例02', 'class_memo': '星星风暴', 'game_id': '星星风暴'}, {'id': 3, 'case_memo': '测试用例01', 'class_memo': '星星风暴', 'game_id': '星星风暴'}, {'id': 4, 'case_memo': '测试用例02', 'class_memo': '星星风暴', 'game_id': '星星风暴'}, {'id': 6, 'case_memo': '判断首屏中奖倍率', 'class_memo': '星星风暴', 'game_id': '星星风暴'}, {'id': 7, 'case_memo': '首屏未中奖', 'class_memo': '星星风暴', 'game_id': '星星风暴'}, {'id': 8, 'case_memo': '首屏判断是否所有中奖坐标补充了图案', 'class_memo': '星星风暴', 'game_id': '星星风暴'}, {'id': 9, 'case_memo': '判断返奖总倍数', 'class_memo': '星星风暴', 'game_id': '星星风暴'}, {'id': 10, 'case_memo': '判断消除层数', 'class_memo': '星星风暴', 'game_id': '星星风暴'}, {'id': 11, 'case_memo': 'test', 'class_memo': '星星风暴', 'game_id': '星星风暴'}]
2018-05-17 18:02:05:---[data]---:<QueryDict: {'case_check': ['1', '2']}>